<?xml version="1.0" encoding="UTF-8"?>
<testng-results skipped="1" failed="1" ignored="0" total="3" passed="1">
  <reporter-output>
  </reporter-output>
  <suite name="Default suite" duration-ms="18598" started-at="2021-01-08T13:22:05Z" finished-at="2021-01-08T13:22:23Z">
    <groups>
      <group name="smoke">
        <method signature="ExtentreportWithScreenshotTest.skiptest()[pri:3, instance:com.jbk.ExtentreportWithScreenshotTest@42d80b78]" name="skiptest" class="com.jbk.ExtentreportWithScreenshotTest"/>
      </group> <!-- smoke -->
    </groups>
    <test name="Default test" duration-ms="18598" started-at="2021-01-08T13:22:05Z" finished-at="2021-01-08T13:22:23Z">
      <class name="com.jbk.ExtentreportWithScreenshotTest">
        <test-method status="PASS" signature="startReport()[pri:0, instance:com.jbk.ExtentreportWithScreenshotTest@42d80b78]" name="startReport" is-config="true" duration-ms="9868" started-at="2021-01-08T13:21:55Z" finished-at="2021-01-08T13:22:05Z">
          <reporter-output>
          </reporter-output>
        </test-method> <!-- startReport -->
        <test-method status="PASS" signature="passtest()[pri:1, instance:com.jbk.ExtentreportWithScreenshotTest@42d80b78]" name="passtest" duration-ms="7754" started-at="2021-01-08T13:22:05Z" finished-at="2021-01-08T13:22:13Z">
          <reporter-output>
          </reporter-output>
        </test-method> <!-- passtest -->
        <test-method status="PASS" signature="getResult(org.testng.ITestResult)[pri:0, instance:com.jbk.ExtentreportWithScreenshotTest@42d80b78]" name="getResult" is-config="true" duration-ms="14" started-at="2021-01-08T13:22:13Z" finished-at="2021-01-08T13:22:13Z">
          <params>
            <param index="0">
              <value>
                <![CDATA[[TestResult name=passtest status=SUCCESS method=ExtentreportWithScreenshotTest.passtest()[pri:1, instance:com.jbk.ExtentreportWithScreenshotTest@42d80b78] output={null}]]]>
              </value>
            </param>
          </params>
          <reporter-output>
          </reporter-output>
        </test-method> <!-- getResult -->
        <test-method status="FAIL" signature="failtest()[pri:2, instance:com.jbk.ExtentreportWithScreenshotTest@42d80b78]" name="failtest" duration-ms="26" started-at="2021-01-08T13:22:13Z" finished-at="2021-01-08T13:22:13Z">
          <exception class="java.lang.AssertionError">
            <message>
              <![CDATA[expected [NoTitle] but found [AdminLTE 2 | Dashboard]]]>
            </message>
            <full-stacktrace>
              <![CDATA[java.lang.AssertionError: expected [NoTitle] but found [AdminLTE 2 | Dashboard]
at org.testng.Assert.fail(Assert.java:96)
at org.testng.Assert.failNotEquals(Assert.java:776)
at org.testng.Assert.assertEqualsImpl(Assert.java:137)
at org.testng.Assert.assertEquals(Assert.java:118)
at org.testng.Assert.assertEquals(Assert.java:453)
at org.testng.Assert.assertEquals(Assert.java:463)
at com.jbk.ExtentreportWithScreenshotTest.failtest(ExtentreportWithScreenshotTest.java:49)
at sun.reflect.NativeMethodAccessorImpl.invoke0(Native Method)
at sun.reflect.NativeMethodAccessorImpl.invoke(NativeMethodAccessorImpl.java:62)
at sun.reflect.DelegatingMethodAccessorImpl.invoke(DelegatingMethodAccessorImpl.java:43)
at java.lang.reflect.Method.invoke(Method.java:498)
at org.testng.internal.MethodInvocationHelper.invokeMethod(MethodInvocationHelper.java:124)
at org.testng.internal.Invoker.invokeMethod(Invoker.java:583)
at org.testng.internal.Invoker.invokeTestMethod(Invoker.java:719)
at org.testng.internal.Invoker.invokeTestMethods(Invoker.java:989)
at org.testng.internal.TestMethodWorker.invokeTestMethods(TestMethodWorker.java:125)
at org.testng.internal.TestMethodWorker.run(TestMethodWorker.java:109)
at org.testng.TestRunner.privateRun(TestRunner.java:648)
at org.testng.TestRunner.run(TestRunner.java:505)
at org.testng.SuiteRunner.runTest(SuiteRunner.java:455)
at org.testng.SuiteRunner.runSequentially(SuiteRunner.java:450)
at org.testng.SuiteRunner.privateRun(SuiteRunner.java:415)
at org.testng.SuiteRunner.run(SuiteRunner.java:364)
at org.testng.SuiteRunnerWorker.runSuite(SuiteRunnerWorker.java:52)
at org.testng.SuiteRunnerWorker.run(SuiteRunnerWorker.java:84)
at org.testng.TestNG.runSuitesSequentially(TestNG.java:1208)
at org.testng.TestNG.runSuitesLocally(TestNG.java:1137)
at org.testng.TestNG.runSuites(TestNG.java:1049)
at org.testng.TestNG.run(TestNG.java:1017)
at org.testng.remote.AbstractRemoteTestNG.run(AbstractRemoteTestNG.java:114)
at org.testng.remote.RemoteTestNG.initAndRun(RemoteTestNG.java:251)
at org.testng.remote.RemoteTestNG.main(RemoteTestNG.java:77)
]]>
            </full-stacktrace>
          </exception> <!-- java.lang.AssertionError -->
          <reporter-output>
          </reporter-output>
        </test-method> <!-- failtest -->
        <test-method status="PASS" signature="getResult(org.testng.ITestResult)[pri:0, instance:com.jbk.ExtentreportWithScreenshotTest@42d80b78]" name="getResult" is-config="true" duration-ms="8782" started-at="2021-01-08T13:22:13Z" finished-at="2021-01-08T13:22:22Z">
          <params>
            <param index="0">
              <value>
                <![CDATA[[TestResult name=failtest status=FAILURE method=ExtentreportWithScreenshotTest.failtest()[pri:2, instance:com.jbk.ExtentreportWithScreenshotTest@42d80b78] output={null}]]]>
              </value>
            </param>
          </params>
          <reporter-output>
          </reporter-output>
        </test-method> <!-- getResult -->
        <test-method status="SKIP" signature="skiptest()[pri:3, instance:com.jbk.ExtentreportWithScreenshotTest@42d80b78]" name="skiptest" duration-ms="4" started-at="2021-01-08T13:22:22Z" finished-at="2021-01-08T13:22:22Z">
          <exception class="org.testng.SkipException">
            <message>
              <![CDATA[Skipping - This is not ready for testing ]]>
            </message>
            <full-stacktrace>
              <![CDATA[org.testng.SkipException: Skipping - This is not ready for testing 
at com.jbk.ExtentreportWithScreenshotTest.skiptest(ExtentreportWithScreenshotTest.java:55)
at sun.reflect.NativeMethodAccessorImpl.invoke0(Native Method)
at sun.reflect.NativeMethodAccessorImpl.invoke(NativeMethodAccessorImpl.java:62)
at sun.reflect.DelegatingMethodAccessorImpl.invoke(DelegatingMethodAccessorImpl.java:43)
at java.lang.reflect.Method.invoke(Method.java:498)
at org.testng.internal.MethodInvocationHelper.invokeMethod(MethodInvocationHelper.java:124)
at org.testng.internal.Invoker.invokeMethod(Invoker.java:583)
at org.testng.internal.Invoker.invokeTestMethod(Invoker.java:719)
at org.testng.internal.Invoker.invokeTestMethods(Invoker.java:989)
at org.testng.internal.TestMethodWorker.invokeTestMethods(TestMethodWorker.java:125)
at org.testng.internal.TestMethodWorker.run(TestMethodWorker.java:109)
at org.testng.TestRunner.privateRun(TestRunner.java:648)
at org.testng.TestRunner.run(TestRunner.java:505)
at org.testng.SuiteRunner.runTest(SuiteRunner.java:455)
at org.testng.SuiteRunner.runSequentially(SuiteRunner.java:450)
at org.testng.SuiteRunner.privateRun(SuiteRunner.java:415)
at org.testng.SuiteRunner.run(SuiteRunner.java:364)
at org.testng.SuiteRunnerWorker.runSuite(SuiteRunnerWorker.java:52)
at org.testng.SuiteRunnerWorker.run(SuiteRunnerWorker.java:84)
at org.testng.TestNG.runSuitesSequentially(TestNG.java:1208)
at org.testng.TestNG.runSuitesLocally(TestNG.java:1137)
at org.testng.TestNG.runSuites(TestNG.java:1049)
at org.testng.TestNG.run(TestNG.java:1017)
at org.testng.remote.AbstractRemoteTestNG.run(AbstractRemoteTestNG.java:114)
at org.testng.remote.RemoteTestNG.initAndRun(RemoteTestNG.java:251)
at org.testng.remote.RemoteTestNG.main(RemoteTestNG.java:77)
]]>
            </full-stacktrace>
          </exception> <!-- org.testng.SkipException -->
          <reporter-output>
          </reporter-output>
        </test-method> <!-- skiptest -->
        <test-method status="PASS" signature="getResult(org.testng.ITestResult)[pri:0, instance:com.jbk.ExtentreportWithScreenshotTest@42d80b78]" name="getResult" is-config="true" duration-ms="1" started-at="2021-01-08T13:22:22Z" finished-at="2021-01-08T13:22:22Z">
          <params>
            <param index="0">
              <value>
                <![CDATA[[TestResult name=skiptest status=SKIP method=ExtentreportWithScreenshotTest.skiptest()[pri:3, instance:com.jbk.ExtentreportWithScreenshotTest@42d80b78] output={null}]]]>
              </value>
            </param>
          </params>
          <reporter-output>
          </reporter-output>
        </test-method> <!-- getResult -->
        <test-method status="PASS" signature="endReport()[pri:0, instance:com.jbk.ExtentreportWithScreenshotTest@42d80b78]" name="endReport" is-config="true" duration-ms="1936" started-at="2021-01-08T13:22:22Z" finished-at="2021-01-08T13:22:23Z">
          <reporter-output>
          </reporter-output>
        </test-method> <!-- endReport -->
      </class> <!-- com.jbk.ExtentreportWithScreenshotTest -->
    </test> <!-- Default test -->
  </suite> <!-- Default suite -->
</testng-results>
